<?xml version="1.0" encoding="UTF-8"?>
<testsuite name="com.qovery.simpleexample.SimpleExampleApplicationTests" tests="1" skipped="0" failures="0" errors="0" timestamp="2019-12-02T11:10:00" hostname="Romarics-MacBook-Pro.local" time="0.168">
  <properties/>
  <testcase name="contextLoads()" classname="com.qovery.simpleexample.SimpleExampleApplicationTests" time="0.168"/>
  <system-out><![CDATA[12:09:59.162 [Test worker] DEBUG org.springframework.test.context.BootstrapUtils - Instantiating CacheAwareContextLoaderDelegate from class [org.springframework.test.context.cache.DefaultCacheAwareContextLoaderDelegate]
12:09:59.173 [Test worker] DEBUG org.springframework.test.context.BootstrapUtils - Instantiating BootstrapContext using constructor [public org.springframework.test.context.support.DefaultBootstrapContext(java.lang.Class,org.springframework.test.context.CacheAwareContextLoaderDelegate)]
12:09:59.194 [Test worker] DEBUG org.springframework.test.context.BootstrapUtils - Instantiating TestContextBootstrapper for test class [com.qovery.simpleexample.SimpleExampleApplicationTests] from class [org.springframework.boot.test.context.SpringBootTestContextBootstrapper]
12:09:59.205 [Test worker] INFO org.springframework.boot.test.context.SpringBootTestContextBootstrapper - Neither @ContextConfiguration nor @ContextHierarchy found for test class [com.qovery.simpleexample.SimpleExampleApplicationTests], using SpringBootContextLoader
12:09:59.208 [Test worker] DEBUG org.springframework.test.context.support.AbstractContextLoader - Did not detect default resource location for test class [com.qovery.simpleexample.SimpleExampleApplicationTests]: class path resource [com/qovery/simpleexample/SimpleExampleApplicationTests-context.xml] does not exist
12:09:59.209 [Test worker] DEBUG org.springframework.test.context.support.AbstractContextLoader - Did not detect default resource location for test class [com.qovery.simpleexample.SimpleExampleApplicationTests]: class path resource [com/qovery/simpleexample/SimpleExampleApplicationTestsContext.groovy] does not exist
12:09:59.209 [Test worker] INFO org.springframework.test.context.support.AbstractContextLoader - Could not detect default resource locations for test class [com.qovery.simpleexample.SimpleExampleApplicationTests]: no resource found for suffixes {-context.xml, Context.groovy}.
12:09:59.210 [Test worker] INFO org.springframework.test.context.support.AnnotationConfigContextLoaderUtils - Could not detect default configuration classes for test class [com.qovery.simpleexample.SimpleExampleApplicationTests]: SimpleExampleApplicationTests does not declare any static, non-private, non-final, nested classes annotated with @Configuration.
12:09:59.234 [Test worker] DEBUG org.springframework.test.context.support.ActiveProfilesUtils - Could not find an 'annotation declaring class' for annotation type [org.springframework.test.context.ActiveProfiles] and class [com.qovery.simpleexample.SimpleExampleApplicationTests]
12:09:59.281 [Test worker] DEBUG org.springframework.context.annotation.ClassPathScanningCandidateComponentProvider - Identified candidate component class: file [/Users/evoxmusic/IdeaProjects/doc-examples/java/spring-boot/simple-example/build/classes/java/main/com/qovery/simpleexample/SimpleExampleApplication.class]
12:09:59.288 [Test worker] INFO org.springframework.boot.test.context.SpringBootTestContextBootstrapper - Found @SpringBootConfiguration com.qovery.simpleexample.SimpleExampleApplication for test class com.qovery.simpleexample.SimpleExampleApplicationTests
12:09:59.353 [Test worker] DEBUG org.springframework.boot.test.context.SpringBootTestContextBootstrapper - @TestExecutionListeners is not present for class [com.qovery.simpleexample.SimpleExampleApplicationTests]: using defaults.
12:09:59.353 [Test worker] INFO org.springframework.boot.test.context.SpringBootTestContextBootstrapper - Loaded default TestExecutionListener class names from location [META-INF/spring.factories]: [org.springframework.boot.test.autoconfigure.restdocs.RestDocsTestExecutionListener, org.springframework.boot.test.autoconfigure.web.client.MockRestServiceServerResetTestExecutionListener, org.springframework.boot.test.autoconfigure.web.servlet.MockMvcPrintOnlyOnFailureTestExecutionListener, org.springframework.boot.test.autoconfigure.web.servlet.WebDriverTestExecutionListener, org.springframework.boot.test.mock.mockito.MockitoTestExecutionListener, org.springframework.boot.test.mock.mockito.ResetMocksTestExecutionListener, org.springframework.test.context.web.ServletTestExecutionListener, org.springframework.test.context.support.DirtiesContextBeforeModesTestExecutionListener, org.springframework.test.context.support.DependencyInjectionTestExecutionListener, org.springframework.test.context.support.DirtiesContextTestExecutionListener, org.springframework.test.context.transaction.TransactionalTestExecutionListener, org.springframework.test.context.jdbc.SqlScriptsTestExecutionListener, org.springframework.test.context.event.EventPublishingTestExecutionListener]
12:09:59.361 [Test worker] DEBUG org.springframework.boot.test.context.SpringBootTestContextBootstrapper - Skipping candidate TestExecutionListener [org.springframework.test.context.transaction.TransactionalTestExecutionListener] due to a missing dependency. Specify custom listener classes or make the default listener classes and their required dependencies available. Offending class: [org/springframework/transaction/interceptor/TransactionAttributeSource]
12:09:59.362 [Test worker] DEBUG org.springframework.boot.test.context.SpringBootTestContextBootstrapper - Skipping candidate TestExecutionListener [org.springframework.test.context.jdbc.SqlScriptsTestExecutionListener] due to a missing dependency. Specify custom listener classes or make the default listener classes and their required dependencies available. Offending class: [org/springframework/transaction/interceptor/TransactionAttribute]
12:09:59.362 [Test worker] INFO org.springframework.boot.test.context.SpringBootTestContextBootstrapper - Using TestExecutionListeners: [org.springframework.test.context.web.ServletTestExecutionListener@63ed6ffd, org.springframework.test.context.support.DirtiesContextBeforeModesTestExecutionListener@643d832b, org.springframework.boot.test.mock.mockito.MockitoTestExecutionListener@2fd57dcf, org.springframework.boot.test.autoconfigure.SpringBootDependencyInjectionTestExecutionListener@c027b69, org.springframework.test.context.support.DirtiesContextTestExecutionListener@4987f93, org.springframework.test.context.event.EventPublishingTestExecutionListener@c3490f0, org.springframework.boot.test.autoconfigure.restdocs.RestDocsTestExecutionListener@88bafbc, org.springframework.boot.test.autoconfigure.web.client.MockRestServiceServerResetTestExecutionListener@17cd54f7, org.springframework.boot.test.autoconfigure.web.servlet.MockMvcPrintOnlyOnFailureTestExecutionListener@50eed57a, org.springframework.boot.test.autoconfigure.web.servlet.WebDriverTestExecutionListener@78f57c87, org.springframework.boot.test.mock.mockito.ResetMocksTestExecutionListener@2dd6da6a]
12:09:59.365 [Test worker] DEBUG org.springframework.test.context.support.AbstractDirtiesContextTestExecutionListener - Before test class: context [DefaultTestContext@60ae129b testClass = SimpleExampleApplicationTests, testInstance = [null], testMethod = [null], testException = [null], mergedContextConfiguration = [WebMergedContextConfiguration@7cbb3a87 testClass = SimpleExampleApplicationTests, locations = '{}', classes = '{class com.qovery.simpleexample.SimpleExampleApplication}', contextInitializerClasses = '[]', activeProfiles = '{}', propertySourceLocations = '{}', propertySourceProperties = '{org.springframework.boot.test.context.SpringBootTestContextBootstrapper=true}', contextCustomizers = set[org.springframework.boot.test.autoconfigure.properties.PropertyMappingContextCustomizer@0, org.springframework.boot.test.autoconfigure.web.servlet.WebDriverContextCustomizerFactory$Customizer@602ea1d0, org.springframework.boot.test.context.filter.ExcludeFilterContextCustomizer@3306d742, org.springframework.boot.test.json.DuplicateJsonObjectContextCustomizerFactory$DuplicateJsonObjectContextCustomizer@78302a68, org.springframework.boot.test.mock.mockito.MockitoContextCustomizer@0, org.springframework.boot.test.web.client.TestRestTemplateContextCustomizer@6372ca21], resourceBasePath = 'src/main/webapp', contextLoader = 'org.springframework.boot.test.context.SpringBootContextLoader', parent = [null]], attributes = map['org.springframework.test.context.web.ServletTestExecutionListener.activateListener' -> true]], class annotated with @DirtiesContext [false] with mode [null].
12:09:59.385 [Test worker] DEBUG org.springframework.test.context.support.TestPropertySourceUtils - Adding inlined properties to environment: {spring.jmx.enabled=false, org.springframework.boot.test.context.SpringBootTestContextBootstrapper=true, server.port=-1}

  .   ____          _            __ _ _
 /\\ / ___'_ __ _ _(_)_ __  __ _ \ \ \ \
( ( )\___ | '_ | '_| | '_ \/ _` | \ \ \ \
 \\/  ___)| |_)| | | | | || (_| |  ) ) ) )
  '  |____| .__|_| |_|_| |_\__, | / / / /
 =========|_|==============|___/=/_/_/_/
 :: Spring Boot ::        (v2.2.1.RELEASE)

2019-12-02 12:09:59.545  INFO 31598 --- [    Test worker] c.q.s.SimpleExampleApplicationTests      : Starting SimpleExampleApplicationTests on Romarics-MacBook-Pro.local with PID 31598 (started by evoxmusic in /Users/evoxmusic/IdeaProjects/doc-examples/java/spring-boot/simple-example)
2019-12-02 12:09:59.546  INFO 31598 --- [    Test worker] c.q.s.SimpleExampleApplicationTests      : No active profile set, falling back to default profiles: default
2019-12-02 12:10:00.409  INFO 31598 --- [    Test worker] o.s.s.concurrent.ThreadPoolTaskExecutor  : Initializing ExecutorService 'applicationTaskExecutor'
2019-12-02 12:10:00.608  INFO 31598 --- [    Test worker] c.q.s.SimpleExampleApplicationTests      : Started SimpleExampleApplicationTests in 1.217 seconds (JVM running for 1.994)
]]></system-out>
  <system-err><![CDATA[]]></system-err>
</testsuite>
